<?xml version="1.0" encoding="UTF-8"?>
<!-- Generated by org.testng.reporters.JUnitReportReporter -->
<testsuite hostname="LAPTOP-HTH010Q4" failures="0" tests="1" name="app1.NewTest" time="25.704" errors="0" timestamp="2024-04-04T23:46:57 SGT" skipped="0">
  <testcase classname="app1.NewTest" name="test1" time="25.704"/>
</testsuite> <!-- app1.NewTest -->
